<?xml version="1.0" encoding="UTF-8"?>
<testng-results skipped="0" failed="0" ignored="0" total="1" passed="1">
  <reporter-output>
  </reporter-output>
  <suite name="Default suite" duration-ms="85" started-at="2021-07-04T09:44:05 IST" finished-at="2021-07-04T09:44:05 IST">
    <groups>
    </groups>
    <test name="Default test" duration-ms="85" started-at="2021-07-04T09:44:05 IST" finished-at="2021-07-04T09:44:05 IST">
      <class name="seleniumproject.SrideviJenkins.NewTest">
        <test-method status="PASS" signature="beforeTest()[pri:0, instance:seleniumproject.SrideviJenkins.NewTest@4f7d0008]" name="beforeTest" is-config="true" duration-ms="20" started-at="2021-07-04T09:44:05 IST" finished-at="2021-07-04T09:44:05 IST">
          <reporter-output>
          </reporter-output>
        </test-method> <!-- beforeTest -->
        <test-method status="PASS" signature="f()[pri:0, instance:seleniumproject.SrideviJenkins.NewTest@4f7d0008]" name="f" duration-ms="1" started-at="2021-07-04T09:44:05 IST" finished-at="2021-07-04T09:44:05 IST">
          <reporter-output>
          </reporter-output>
        </test-method> <!-- f -->
        <test-method status="PASS" signature="afterTest()[pri:0, instance:seleniumproject.SrideviJenkins.NewTest@4f7d0008]" name="afterTest" is-config="true" duration-ms="0" started-at="2021-07-04T09:44:05 IST" finished-at="2021-07-04T09:44:05 IST">
          <reporter-output>
          </reporter-output>
        </test-method> <!-- afterTest -->
      </class> <!-- seleniumproject.SrideviJenkins.NewTest -->
    </test> <!-- Default test -->
  </suite> <!-- Default suite -->
</testng-results>
