<?xml version="1.0" encoding="UTF-8"?>
<testng-results skipped="0" failed="0" ignored="0" total="3" passed="3">
  <reporter-output>
  </reporter-output>
  <suite name="Default suite" duration-ms="1217" started-at="2021-07-04T06:22:30Z" finished-at="2021-07-04T06:22:32Z">
    <groups>
    </groups>
    <test name="Default test" duration-ms="219" started-at="2021-07-04T06:22:30Z" finished-at="2021-07-04T06:22:31Z">
      <class name="seleniumproject.SrideviJenkins.NewTest">
        <test-method status="PASS" signature="beforeTest()[pri:0, instance:seleniumproject.SrideviJenkins.NewTest@d2cc05a]" name="beforeTest" is-config="true" duration-ms="67" started-at="2021-07-04T11:52:30Z" finished-at="2021-07-04T11:52:30Z">
          <reporter-output>
          </reporter-output>
        </test-method> <!-- beforeTest -->
        <test-method status="PASS" signature="bb()[pri:0, instance:seleniumproject.SrideviJenkins.NewTest@d2cc05a]" name="bb" is-config="true" duration-ms="2" started-at="2021-07-04T11:52:31Z" finished-at="2021-07-04T11:52:31Z">
          <reporter-output>
          </reporter-output>
        </test-method> <!-- bb -->
        <test-method status="PASS" signature="f()[pri:0, instance:seleniumproject.SrideviJenkins.NewTest@d2cc05a]" name="f" duration-ms="32" started-at="2021-07-04T11:52:31Z" finished-at="2021-07-04T11:52:31Z">
          <reporter-output>
          </reporter-output>
        </test-method> <!-- f -->
        <test-method status="PASS" signature="afterTest()[pri:0, instance:seleniumproject.SrideviJenkins.NewTest@d2cc05a]" name="afterTest" is-config="true" duration-ms="0" started-at="2021-07-04T11:52:31Z" finished-at="2021-07-04T11:52:31Z">
          <reporter-output>
          </reporter-output>
        </test-method> <!-- afterTest -->
      </class> <!-- seleniumproject.SrideviJenkins.NewTest -->
      <class name="seleniumproject.SrideviJenkins.NewTest2">
        <test-method status="PASS" signature="f()[pri:0, instance:seleniumproject.SrideviJenkins.NewTest2@4f933fd1]" name="f" duration-ms="2" started-at="2021-07-04T11:52:31Z" finished-at="2021-07-04T11:52:31Z">
          <reporter-output>
          </reporter-output>
        </test-method> <!-- f -->
      </class> <!-- seleniumproject.SrideviJenkins.NewTest2 -->
    </test> <!-- Default test -->
    <test name="Default test1" duration-ms="7" started-at="2021-07-04T06:22:32Z" finished-at="2021-07-04T06:22:32Z">
      <class name="seleniumproject.SrideviJenkins.NewTest2">
        <test-method status="PASS" signature="f()[pri:0, instance:seleniumproject.SrideviJenkins.NewTest2@4c70fda8]" name="f" duration-ms="2" started-at="2021-07-04T11:52:32Z" finished-at="2021-07-04T11:52:32Z">
          <reporter-output>
          </reporter-output>
        </test-method> <!-- f -->
      </class> <!-- seleniumproject.SrideviJenkins.NewTest2 -->
    </test> <!-- Default test1 -->
  </suite> <!-- Default suite -->
</testng-results>
